<?xml version="1.0" encoding="UTF-8"?>
<!-- Generated by org.testng.reporters.JUnitReportReporter -->
<testsuite hostname="DELL" failures="0" tests="1" name="com.yelo.testcases.TC1_Verfy_SignUp" time="24.073" errors="0" timestamp="2023-01-28T11:00:13 IST" skipped="0">
  <testcase classname="com.yelo.testcases.TC1_Verfy_SignUp" name="EnterSignUpPage" time="24.073"/>
  <system-out/>
</testsuite> <!-- com.yelo.testcases.TC1_Verfy_SignUp -->
