<?xml version="1.0" encoding="UTF-8"?>
<!-- Generated by org.testng.reporters.JUnitReportReporter -->
<testsuite hostname="DELL" failures="0" tests="1" name="com.yelo.testcases.TC2_Verify_LogIn" time="15.706" errors="0" timestamp="2023-01-28T12:15:19 IST" skipped="0">
  <testcase classname="com.yelo.testcases.TC2_Verify_LogIn" name="verify_login_with_valid_credential" time="15.706"/>
  <system-out/>
</testsuite> <!-- com.yelo.testcases.TC2_Verify_LogIn -->
