<?xml version="1.0" encoding="UTF-8"?>
<!-- Generated by org.testng.reporters.JUnitReportReporter -->
<testsuite hostname="DELL" failures="0" tests="1" name="com.yelo.testcases.TC1_Verfy_SignUp" time="9.303" errors="0" timestamp="2023-01-26T19:35:45 IST" skipped="0">
  <testcase classname="com.yelo.testcases.TC1_Verfy_SignUp" name="EnterSignUpPage" time="9.303"/>
  <system-out/>
</testsuite> <!-- com.yelo.testcases.TC1_Verfy_SignUp -->
